e:\sanguoshaa\sp.obj
e:\sanguoshaa\god.obj
e:\sanguoshaa\util.obj
e:\sanguoshaa\structs.obj
e:\sanguoshaa\skill.obj
e:\sanguoshaa\settings.obj
e:\sanguoshaa\roomstate.obj
e:\sanguoshaa\record-analysis.obj
e:\sanguoshaa\protocol.obj
e:\sanguoshaa\player.obj
e:\sanguoshaa\lua-wrapper.obj
e:\sanguoshaa\jsonutils.obj
e:\sanguoshaa\general.obj
e:\sanguoshaa\engine.obj
e:\sanguoshaa\companion-table.obj
e:\sanguoshaa\card.obj
e:\sanguoshaa\banpair.obj
e:\sanguoshaa\audio.obj
e:\sanguoshaa\clientstruct.obj
e:\sanguoshaa\clientplayer.obj
e:\sanguoshaa\client.obj
e:\sanguoshaa\aux-skills.obj
e:\sanguoshaa\fire.obj
e:\sanguoshaa\exppattern.obj
e:\sanguoshaa\dragon.obj
e:\sanguoshaa\chaos.obj
e:\sanguoshaa\boss.obj
e:\sanguoshaa\bgm.obj
e:\sanguoshaa\assassins.obj
e:\sanguoshaa\main.obj
e:\sanguoshaa\scenario-overview.obj
e:\sanguoshaa\roleassigndialog.obj
e:\sanguoshaa\playercarddialog.obj
e:\sanguoshaa\mainwindow.obj
e:\sanguoshaa\generaloverview.obj
e:\sanguoshaa\distanceviewdialog.obj
e:\sanguoshaa\customassigndialog.obj
e:\sanguoshaa\connectiondialog.obj
e:\sanguoshaa\configdialog.obj
e:\sanguoshaa\choosegeneraldialog.obj
e:\sanguoshaa\cardoverview.obj
e:\sanguoshaa\wrappedcard.obj
e:\sanguoshaa\special3v3.obj
e:\sanguoshaa\special1v1.obj
e:\sanguoshaa\package.obj
e:\sanguoshaa\nostalgia.obj
e:\sanguoshaa\mountain.obj
e:\sanguoshaa\maneuvering.obj
e:\sanguoshaa\lingex.obj
e:\sanguoshaa\lingcards.obj
e:\sanguoshaa\ling2013.obj
e:\sanguoshaa\ling.obj
e:\sanguoshaa\joy.obj
e:\sanguoshaa\jiange-defense.obj
e:\sanguoshaa\hegemony.obj
e:\sanguoshaa\h-momentumex.obj
e:\sanguoshaa\h-momentum.obj
e:\sanguoshaa\h-formationex.obj
e:\sanguoshaa\h-formation.obj
e:\sanguoshaa\greenhand.obj
e:\sanguoshaa\ai.obj
e:\sanguoshaa\scenario.obj
e:\sanguoshaa\miniscenarios.obj
e:\sanguoshaa\guandu-scenario.obj
e:\sanguoshaa\fancheng-scenario.obj
e:\sanguoshaa\couple-scenario.obj
e:\sanguoshaa\yjcm2016.obj
e:\sanguoshaa\yjcm2015.obj
e:\sanguoshaa\yjcm2014.obj
e:\sanguoshaa\yjcm2013.obj
e:\sanguoshaa\yjcm2012.obj
e:\sanguoshaa\yjcm.obj
e:\sanguoshaa\yitianpackage.obj
e:\sanguoshaa\wisdompackage.obj
e:\sanguoshaa\wind.obj
e:\sanguoshaa\thicket.obj
e:\sanguoshaa\standard.obj
e:\sanguoshaa\standard-skillcards.obj
e:\sanguoshaa\standard-generals.obj
e:\sanguoshaa\standard-cards.obj
e:\sanguoshaa\indicatoritem.obj
e:\sanguoshaa\heroskincontainer.obj
e:\sanguoshaa\graphicspixmaphoveritem.obj
e:\sanguoshaa\genericcardcontainerui.obj
e:\sanguoshaa\dashboard.obj
e:\sanguoshaa\clientlogbox.obj
e:\sanguoshaa\chatwidget.obj
e:\sanguoshaa\carditem.obj
e:\sanguoshaa\cardcontainer.obj
e:\sanguoshaa\button.obj
e:\sanguoshaa\bubblechatbox.obj
e:\sanguoshaa\serverplayer.obj
e:\sanguoshaa\server.obj
e:\sanguoshaa\roomthreadxmode.obj
e:\sanguoshaa\roomthread3v3.obj
e:\sanguoshaa\roomthread1v1.obj
e:\sanguoshaa\roomthread.obj
e:\sanguoshaa\room.obj
e:\sanguoshaa\generalselector.obj
e:\sanguoshaa\backgroundrunner.obj
e:\sanguoshaa\window.obj
e:\sanguoshaa\timedprogressbar.obj
e:\sanguoshaa\tablepile.obj
e:\sanguoshaa\startscene.obj
e:\sanguoshaa\sprite.obj
e:\sanguoshaa\skinitem.obj
e:\sanguoshaa\skinbank.obj
e:\sanguoshaa\sanuiutils.obj
e:\sanguoshaa\sansimpletextfont.obj
e:\sanguoshaa\sanshadowtextfont.obj
e:\sanguoshaa\sanscene.obj
e:\sanguoshaa\sanfreetypefont.obj
e:\sanguoshaa\roomscene.obj
e:\sanguoshaa\rolecombobox.obj
e:\sanguoshaa\qsanselectableitem.obj
e:\sanguoshaa\qsanbutton.obj
e:\sanguoshaa\pixmapanimation.obj
e:\sanguoshaa\photo.obj
e:\sanguoshaa\magatamasitem.obj
e:\sanguoshaa\moc_cardoverview.obj
e:\sanguoshaa\moc_carditem.obj
e:\sanguoshaa\moc_cardcontainer.obj
e:\sanguoshaa\moc_card.obj
e:\sanguoshaa\moc_button.obj
e:\sanguoshaa\moc_bubblechatbox.obj
e:\sanguoshaa\moc_boss.obj
e:\sanguoshaa\moc_bgm.obj
e:\sanguoshaa\moc_backgroundrunner.obj
e:\sanguoshaa\moc_aux-skills.obj
e:\sanguoshaa\moc_assassins.obj
e:\sanguoshaa\moc_ai.obj
e:\sanguoshaa\udpsocket.obj
e:\sanguoshaa\serversocket.obj
e:\sanguoshaa\replayfile.obj
e:\sanguoshaa\replayer.obj
e:\sanguoshaa\recorder.obj
e:\sanguoshaa\detector.obj
e:\sanguoshaa\daemon.obj
e:\sanguoshaa\clientsocket.obj
e:\sanguoshaa\moc_fire.obj
e:\sanguoshaa\moc_fancheng-scenario.obj
e:\sanguoshaa\moc_engine.obj
e:\sanguoshaa\moc_dragon.obj
e:\sanguoshaa\moc_distanceviewdialog.obj
e:\sanguoshaa\moc_detector.obj
e:\sanguoshaa\moc_dashboard.obj
e:\sanguoshaa\moc_daemon.obj
e:\sanguoshaa\moc_customassigndialog.obj
e:\sanguoshaa\moc_couple-scenario.obj
e:\sanguoshaa\moc_connectiondialog.obj
e:\sanguoshaa\moc_configdialog.obj
e:\sanguoshaa\moc_clientstruct.obj
e:\sanguoshaa\moc_clientsocket.obj
e:\sanguoshaa\moc_clientplayer.obj
e:\sanguoshaa\moc_clientlogbox.obj
e:\sanguoshaa\moc_client.obj
e:\sanguoshaa\moc_choosegeneraldialog.obj
e:\sanguoshaa\moc_chatwidget.obj
e:\sanguoshaa\moc_chaos.obj
e:\sanguoshaa\moc_ling2013.obj
e:\sanguoshaa\moc_ling.obj
e:\sanguoshaa\moc_joy.obj
e:\sanguoshaa\moc_jiange-defense.obj
e:\sanguoshaa\moc_indicatoritem.obj
e:\sanguoshaa\moc_heroskincontainer.obj
e:\sanguoshaa\moc_hegemony.obj
e:\sanguoshaa\moc_h-momentumex.obj
e:\sanguoshaa\moc_h-momentum.obj
e:\sanguoshaa\moc_h-formationex.obj
e:\sanguoshaa\moc_h-formation.obj
e:\sanguoshaa\moc_guandu-scenario.obj
e:\sanguoshaa\moc_greenhand.obj
e:\sanguoshaa\moc_graphicspixmaphoveritem.obj
e:\sanguoshaa\moc_god.obj
e:\sanguoshaa\moc_genericcardcontainerui.obj
e:\sanguoshaa\moc_generalselector.obj
e:\sanguoshaa\moc_generaloverview.obj
e:\sanguoshaa\moc_general.obj
e:\sanguoshaa\moc_gamerule.obj
e:\sanguoshaa\moc_roleassigndialog.obj
e:\sanguoshaa\moc_replayer.obj
e:\sanguoshaa\moc_recorder.obj
e:\sanguoshaa\moc_record-analysis.obj
e:\sanguoshaa\moc_qsanselectableitem.obj
e:\sanguoshaa\moc_qsanbutton.obj
e:\sanguoshaa\moc_playercarddialog.obj
e:\sanguoshaa\moc_player.obj
e:\sanguoshaa\moc_pixmapanimation.obj
e:\sanguoshaa\moc_photo.obj
e:\sanguoshaa\moc_package.obj
e:\sanguoshaa\moc_nostalgia.obj
e:\sanguoshaa\moc_mountain.obj
e:\sanguoshaa\moc_miniscenarios.obj
e:\sanguoshaa\moc_maneuvering.obj
e:\sanguoshaa\moc_mainwindow.obj
e:\sanguoshaa\moc_magatamasitem.obj
e:\sanguoshaa\moc_lua-wrapper.obj
e:\sanguoshaa\moc_lingex.obj
e:\sanguoshaa\moc_lingcards.obj
e:\sanguoshaa\moc_sprite.obj
e:\sanguoshaa\moc_special3v3.obj
e:\sanguoshaa\moc_special1v1.obj
e:\sanguoshaa\moc_sp.obj
e:\sanguoshaa\moc_skinitem.obj
e:\sanguoshaa\moc_skinbank.obj
e:\sanguoshaa\moc_skill.obj
e:\sanguoshaa\moc_serversocket.obj
e:\sanguoshaa\moc_serverplayer.obj
e:\sanguoshaa\moc_server.obj
e:\sanguoshaa\moc_scenario.obj
e:\sanguoshaa\moc_scenario-overview.obj
e:\sanguoshaa\moc_sanscene.obj
e:\sanguoshaa\moc_roomthreadxmode.obj
e:\sanguoshaa\moc_roomthread3v3.obj
e:\sanguoshaa\moc_roomthread1v1.obj
e:\sanguoshaa\moc_roomthread.obj
e:\sanguoshaa\moc_roomscene.obj
e:\sanguoshaa\moc_room.obj
e:\sanguoshaa\moc_rolecombobox.obj
e:\sanguoshaa\moc_yjcm2016.obj
e:\sanguoshaa\moc_yjcm2015.obj
e:\sanguoshaa\moc_yjcm2014.obj
e:\sanguoshaa\moc_yjcm2013.obj
e:\sanguoshaa\moc_yjcm2012.obj
e:\sanguoshaa\moc_yjcm.obj
e:\sanguoshaa\moc_yitianpackage.obj
e:\sanguoshaa\moc_wrappedcard.obj
e:\sanguoshaa\moc_wisdompackage.obj
e:\sanguoshaa\moc_window.obj
e:\sanguoshaa\moc_wind.obj
e:\sanguoshaa\moc_udpsocket.obj
e:\sanguoshaa\moc_timedprogressbar.obj
e:\sanguoshaa\moc_thicket.obj
e:\sanguoshaa\moc_tablepile.obj
e:\sanguoshaa\moc_startscene.obj
e:\sanguoshaa\moc_standard.obj
e:\sanguoshaa\moc_standard-skillcards.obj
e:\sanguoshaa\moc_standard-equips.obj
e:\sanguoshaa\gamerule.obj
e:\sanguoshaa\vc100.pdb
e:\sanguoshaa\sanguosha_wrap.obj
e:\sanguoshaa\builds\vs2010\release\moc_button.cpp
e:\sanguoshaa\builds\vs2010\release\moc_cardcontainer.cpp
e:\sanguoshaa\builds\vs2010\release\moc_carditem.cpp
e:\sanguoshaa\builds\vs2010\release\moc_chatwidget.cpp
e:\sanguoshaa\builds\vs2010\release\moc_clientlogbox.cpp
e:\sanguoshaa\builds\vs2010\release\moc_dashboard.cpp
e:\sanguoshaa\builds\vs2010\release\moc_genericcardcontainerui.cpp
e:\sanguoshaa\builds\vs2010\release\moc_graphicspixmaphoveritem.cpp
e:\sanguoshaa\builds\vs2010\release\moc_heroskincontainer.cpp
e:\sanguoshaa\builds\vs2010\release\moc_indicatoritem.cpp
e:\sanguoshaa\builds\vs2010\release\moc_magatamasitem.cpp
e:\sanguoshaa\builds\vs2010\release\moc_photo.cpp
e:\sanguoshaa\builds\vs2010\release\moc_pixmapanimation.cpp
e:\sanguoshaa\builds\vs2010\release\moc_qsanbutton.cpp
e:\sanguoshaa\builds\vs2010\release\moc_qsanselectableitem.cpp
e:\sanguoshaa\builds\vs2010\release\moc_rolecombobox.cpp
e:\sanguoshaa\builds\vs2010\release\moc_roomscene.cpp
e:\sanguoshaa\builds\vs2010\release\moc_yjcm2014.cpp
e:\sanguoshaa\builds\vs2010\release\moc_chaos.cpp
e:\sanguoshaa\builds\vs2010\release\moc_lingex.cpp
e:\sanguoshaa\builds\vs2010\release\moc_ling2013.cpp
e:\sanguoshaa\builds\vs2010\release\moc_lingcards.cpp
e:\sanguoshaa\builds\vs2010\release\moc_h-formationex.cpp
e:\sanguoshaa\builds\vs2010\release\moc_h-momentumex.cpp
e:\sanguoshaa\builds\vs2010\release\moc_boss.cpp
e:\sanguoshaa\builds\vs2010\release\moc_bubblechatbox.cpp
e:\sanguoshaa\builds\vs2010\release\moc_jiange-defense.cpp
e:\sanguoshaa\builds\vs2010\release\moc_yitianpackage.cpp
e:\sanguoshaa\builds\vs2010\release\moc_wisdompackage.cpp
e:\sanguoshaa\builds\vs2010\release\moc_yjcm2015.cpp
e:\sanguoshaa\builds\vs2010\release\moc_yjcm2016.cpp
e:\sanguoshaa\builds\vs2010\release\moc_joy.cpp
e:\sanguoshaa\builds\vs2010\release\moc_sanscene.cpp
e:\sanguoshaa\builds\vs2010\release\moc_skinbank.cpp
e:\sanguoshaa\builds\vs2010\release\moc_sprite.cpp
e:\sanguoshaa\builds\vs2010\release\moc_startscene.cpp
e:\sanguoshaa\builds\vs2010\release\moc_tablepile.cpp
e:\sanguoshaa\builds\vs2010\release\moc_timedprogressbar.cpp
e:\sanguoshaa\builds\vs2010\release\moc_window.cpp
e:\sanguoshaa\builds\vs2010\release\moc_backgroundrunner.cpp
e:\sanguoshaa\builds\vs2010\release\moc_detector.cpp
e:\sanguoshaa\builds\vs2010\release\moc_recorder.cpp
e:\sanguoshaa\builds\vs2010\release\moc_skinitem.cpp
e:\sanguoshaa\builds\vs2010\release\moc_clientsocket.cpp
e:\sanguoshaa\builds\vs2010\release\moc_serversocket.cpp
e:\sanguoshaa\builds\vs2010\release\moc_daemon.cpp
e:\sanguoshaa\builds\vs2010\release\moc_udpsocket.cpp
e:\sanguoshaa\builds\vs2010\release\moc_replayer.cpp
e:\sanguoshaa\builds\vs2010\release\moc_aux-skills.cpp
e:\sanguoshaa\builds\vs2010\release\moc_client.cpp
e:\sanguoshaa\builds\vs2010\release\moc_clientplayer.cpp
e:\sanguoshaa\builds\vs2010\release\moc_clientstruct.cpp
e:\sanguoshaa\builds\vs2010\release\moc_card.cpp
e:\sanguoshaa\builds\vs2010\release\moc_engine.cpp
e:\sanguoshaa\builds\vs2010\release\moc_general.cpp
e:\sanguoshaa\builds\vs2010\release\moc_lua-wrapper.cpp
e:\sanguoshaa\builds\vs2010\release\moc_player.cpp
e:\sanguoshaa\builds\vs2010\release\moc_record-analysis.cpp
e:\sanguoshaa\builds\vs2010\release\moc_skill.cpp
e:\sanguoshaa\builds\vs2010\release\moc_wrappedcard.cpp
e:\sanguoshaa\builds\vs2010\release\moc_cardoverview.cpp
e:\sanguoshaa\builds\vs2010\release\moc_choosegeneraldialog.cpp
e:\sanguoshaa\builds\vs2010\release\moc_configdialog.cpp
e:\sanguoshaa\builds\vs2010\release\moc_connectiondialog.cpp
e:\sanguoshaa\builds\vs2010\release\moc_customassigndialog.cpp
e:\sanguoshaa\builds\vs2010\release\moc_distanceviewdialog.cpp
e:\sanguoshaa\builds\vs2010\release\moc_generaloverview.cpp
e:\sanguoshaa\builds\vs2010\release\moc_mainwindow.cpp
e:\sanguoshaa\builds\vs2010\release\moc_playercarddialog.cpp
e:\sanguoshaa\builds\vs2010\release\moc_roleassigndialog.cpp
e:\sanguoshaa\builds\vs2010\release\moc_scenario-overview.cpp
e:\sanguoshaa\builds\vs2010\release\moc_assassins.cpp
e:\sanguoshaa\builds\vs2010\release\moc_bgm.cpp
e:\sanguoshaa\builds\vs2010\release\moc_dragon.cpp
e:\sanguoshaa\builds\vs2010\release\moc_fire.cpp
e:\sanguoshaa\builds\vs2010\release\moc_god.cpp
e:\sanguoshaa\builds\vs2010\release\moc_greenhand.cpp
e:\sanguoshaa\builds\vs2010\release\moc_hegemony.cpp
e:\sanguoshaa\builds\vs2010\release\moc_h-formation.cpp
e:\sanguoshaa\builds\vs2010\release\moc_h-momentum.cpp
e:\sanguoshaa\builds\vs2010\release\moc_ling.cpp
e:\sanguoshaa\builds\vs2010\release\moc_mountain.cpp
e:\sanguoshaa\builds\vs2010\release\moc_nostalgia.cpp
e:\sanguoshaa\builds\vs2010\release\moc_package.cpp
e:\sanguoshaa\builds\vs2010\release\moc_sp.cpp
e:\sanguoshaa\builds\vs2010\release\moc_special1v1.cpp
e:\sanguoshaa\builds\vs2010\release\moc_special3v3.cpp
e:\sanguoshaa\builds\vs2010\release\moc_standard-equips.cpp
e:\sanguoshaa\builds\vs2010\release\moc_standard-skillcards.cpp
e:\sanguoshaa\builds\vs2010\release\moc_thicket.cpp
e:\sanguoshaa\builds\vs2010\release\moc_wind.cpp
e:\sanguoshaa\builds\vs2010\release\moc_yjcm.cpp
e:\sanguoshaa\builds\vs2010\release\moc_yjcm2012.cpp
e:\sanguoshaa\builds\vs2010\release\moc_yjcm2013.cpp
e:\sanguoshaa\builds\vs2010\release\moc_couple-scenario.cpp
e:\sanguoshaa\builds\vs2010\release\moc_fancheng-scenario.cpp
e:\sanguoshaa\builds\vs2010\release\moc_guandu-scenario.cpp
e:\sanguoshaa\builds\vs2010\release\moc_miniscenarios.cpp
e:\sanguoshaa\builds\vs2010\release\moc_scenario.cpp
e:\sanguoshaa\builds\vs2010\release\moc_ai.cpp
e:\sanguoshaa\builds\vs2010\release\moc_generalselector.cpp
e:\sanguoshaa\builds\vs2010\release\moc_roomthread.cpp
e:\sanguoshaa\builds\vs2010\release\moc_roomthread1v1.cpp
e:\sanguoshaa\builds\vs2010\release\moc_roomthread3v3.cpp
e:\sanguoshaa\builds\vs2010\release\moc_roomthreadxmode.cpp
e:\sanguoshaa\builds\vs2010\release\moc_serverplayer.cpp
e:\sanguoshaa\builds\vs2010\generatedfiles\ui_cardoverview.h
e:\sanguoshaa\builds\vs2010\generatedfiles\ui_configdialog.h
e:\sanguoshaa\builds\vs2010\generatedfiles\ui_connectiondialog.h
e:\sanguoshaa\builds\vs2010\generatedfiles\ui_generaloverview.h
e:\sanguoshaa\builds\vs2010\generatedfiles\ui_mainwindow.h
e:\sanguoshaa\builds\vs2010\release\moc_room.cpp
e:\sanguoshaa\builds\vs2010\release\moc_gamerule.cpp
e:\sanguoshaa\builds\vs2010\release\moc_server.cpp
e:\sanguoshaa\builds\vs2010\release\moc_maneuvering.cpp
e:\sanguoshaa\builds\vs2010\release\moc_standard.cpp
e:\sanguoshaa\bin\qsanguosha.exe
e:\sanguoshaa\qsanguosha.exe.intermediate.manifest
e:\sanguoshaa\bin\qsanguosha.lib
e:\sanguoshaa\bin\qsanguosha.exp
e:\sanguoshaa\icon.res
e:\sanguoshav2\qsanguosha.vcxprojresolveassemblyreference.cache
e:\sanguoshav2\ai.obj
e:\sanguoshav2\assassins.obj
e:\sanguoshav2\audio.obj
e:\sanguoshav2\aux-skills.obj
e:\sanguoshav2\backgroundrunner.obj
e:\sanguoshav2\banpair.obj
e:\sanguoshav2\bgm.obj
e:\sanguoshav2\boss.obj
e:\sanguoshav2\bubblechatbox.obj
e:\sanguoshav2\button.obj
e:\sanguoshav2\card.obj
e:\sanguoshav2\cardcontainer.obj
e:\sanguoshav2\carditem.obj
e:\sanguoshav2\cardoverview.obj
e:\sanguoshav2\chaos.obj
e:\sanguoshav2\chatwidget.obj
e:\sanguoshav2\choosegeneraldialog.obj
e:\sanguoshav2\client.obj
e:\sanguoshav2\clientlogbox.obj
e:\sanguoshav2\clientplayer.obj
e:\sanguoshav2\clientsocket.obj
e:\sanguoshav2\clientstruct.obj
e:\sanguoshav2\companion-table.obj
e:\sanguoshav2\configdialog.obj
e:\sanguoshav2\connectiondialog.obj
e:\sanguoshav2\couple-scenario.obj
e:\sanguoshav2\customassigndialog.obj
e:\sanguoshav2\daemon.obj
e:\sanguoshav2\dashboard.obj
e:\sanguoshav2\detector.obj
e:\sanguoshav2\distanceviewdialog.obj
e:\sanguoshav2\dragon.obj
e:\sanguoshav2\engine.obj
e:\sanguoshav2\exppattern.obj
e:\sanguoshav2\fancheng-scenario.obj
e:\sanguoshav2\fire.obj
e:\sanguoshav2\gamerule.obj
e:\sanguoshav2\general.obj
e:\sanguoshav2\generaloverview.obj
e:\sanguoshav2\generalselector.obj
e:\sanguoshav2\genericcardcontainerui.obj
e:\sanguoshav2\god.obj
e:\sanguoshav2\graphicspixmaphoveritem.obj
e:\sanguoshav2\greenhand.obj
e:\sanguoshav2\guandu-scenario.obj
e:\sanguoshav2\h-formation.obj
e:\sanguoshav2\h-formationex.obj
e:\sanguoshav2\h-momentum.obj
e:\sanguoshav2\h-momentumex.obj
e:\sanguoshav2\hegemony.obj
e:\sanguoshav2\heroskincontainer.obj
e:\sanguoshav2\indicatoritem.obj
e:\sanguoshav2\jiange-defense.obj
e:\sanguoshav2\joy.obj
e:\sanguoshav2\jsonutils.obj
e:\sanguoshav2\ling.obj
e:\sanguoshav2\ling2013.obj
e:\sanguoshav2\lingcards.obj
e:\sanguoshav2\lingex.obj
e:\sanguoshav2\lua-wrapper.obj
e:\sanguoshav2\magatamasitem.obj
e:\sanguoshav2\main.obj
e:\sanguoshav2\mainwindow.obj
e:\sanguoshav2\maneuvering.obj
e:\sanguoshav2\miniscenarios.obj
e:\sanguoshav2\moc_ai.obj
e:\sanguoshav2\moc_assassins.obj
e:\sanguoshav2\moc_aux-skills.obj
e:\sanguoshav2\moc_backgroundrunner.obj
e:\sanguoshav2\moc_bgm.obj
e:\sanguoshav2\moc_boss.obj
e:\sanguoshav2\moc_bubblechatbox.obj
e:\sanguoshav2\moc_button.obj
e:\sanguoshav2\moc_card.obj
e:\sanguoshav2\moc_cardcontainer.obj
e:\sanguoshav2\moc_carditem.obj
e:\sanguoshav2\moc_cardoverview.obj
e:\sanguoshav2\moc_chaos.obj
e:\sanguoshav2\moc_chatwidget.obj
e:\sanguoshav2\moc_choosegeneraldialog.obj
e:\sanguoshav2\moc_client.obj
e:\sanguoshav2\moc_clientlogbox.obj
e:\sanguoshav2\moc_clientplayer.obj
e:\sanguoshav2\moc_clientsocket.obj
e:\sanguoshav2\moc_clientstruct.obj
e:\sanguoshav2\moc_configdialog.obj
e:\sanguoshav2\moc_connectiondialog.obj
e:\sanguoshav2\moc_couple-scenario.obj
e:\sanguoshav2\moc_customassigndialog.obj
e:\sanguoshav2\moc_daemon.obj
e:\sanguoshav2\moc_dashboard.obj
e:\sanguoshav2\moc_detector.obj
e:\sanguoshav2\moc_distanceviewdialog.obj
e:\sanguoshav2\moc_dragon.obj
e:\sanguoshav2\moc_engine.obj
e:\sanguoshav2\moc_fancheng-scenario.obj
e:\sanguoshav2\moc_fire.obj
e:\sanguoshav2\moc_gamerule.obj
e:\sanguoshav2\moc_general.obj
e:\sanguoshav2\moc_generaloverview.obj
e:\sanguoshav2\moc_generalselector.obj
e:\sanguoshav2\moc_genericcardcontainerui.obj
e:\sanguoshav2\moc_god.obj
e:\sanguoshav2\moc_graphicspixmaphoveritem.obj
e:\sanguoshav2\moc_greenhand.obj
e:\sanguoshav2\moc_guandu-scenario.obj
e:\sanguoshav2\moc_h-formation.obj
e:\sanguoshav2\moc_h-formationex.obj
e:\sanguoshav2\moc_h-momentum.obj
e:\sanguoshav2\moc_h-momentumex.obj
e:\sanguoshav2\moc_hegemony.obj
e:\sanguoshav2\moc_heroskincontainer.obj
e:\sanguoshav2\moc_indicatoritem.obj
e:\sanguoshav2\moc_jiange-defense.obj
e:\sanguoshav2\moc_joy.obj
e:\sanguoshav2\moc_ling.obj
e:\sanguoshav2\moc_ling2013.obj
e:\sanguoshav2\moc_lingcards.obj
e:\sanguoshav2\moc_lingex.obj
e:\sanguoshav2\moc_lua-wrapper.obj
e:\sanguoshav2\moc_magatamasitem.obj
e:\sanguoshav2\moc_mainwindow.obj
e:\sanguoshav2\moc_maneuvering.obj
e:\sanguoshav2\moc_miniscenarios.obj
e:\sanguoshav2\moc_mountain.obj
e:\sanguoshav2\moc_nostalgia.obj
e:\sanguoshav2\moc_package.obj
e:\sanguoshav2\moc_photo.obj
e:\sanguoshav2\moc_pixmapanimation.obj
e:\sanguoshav2\moc_player.obj
e:\sanguoshav2\moc_playercarddialog.obj
e:\sanguoshav2\moc_qsanbutton.obj
e:\sanguoshav2\moc_qsanselectableitem.obj
e:\sanguoshav2\moc_record-analysis.obj
e:\sanguoshav2\moc_recorder.obj
e:\sanguoshav2\moc_replayer.obj
e:\sanguoshav2\moc_roleassigndialog.obj
e:\sanguoshav2\moc_rolecombobox.obj
e:\sanguoshav2\moc_room.obj
e:\sanguoshav2\moc_roomscene.obj
e:\sanguoshav2\moc_roomthread.obj
e:\sanguoshav2\moc_roomthread1v1.obj
e:\sanguoshav2\moc_roomthread3v3.obj
e:\sanguoshav2\moc_roomthreadxmode.obj
e:\sanguoshav2\moc_sanscene.obj
e:\sanguoshav2\moc_scenario-overview.obj
e:\sanguoshav2\moc_scenario.obj
e:\sanguoshav2\moc_server.obj
e:\sanguoshav2\moc_serverplayer.obj
e:\sanguoshav2\moc_serversocket.obj
e:\sanguoshav2\moc_skill.obj
e:\sanguoshav2\moc_skinbank.obj
e:\sanguoshav2\moc_skinitem.obj
e:\sanguoshav2\moc_sp.obj
e:\sanguoshav2\moc_special1v1.obj
e:\sanguoshav2\moc_special3v3.obj
e:\sanguoshav2\moc_sprite.obj
e:\sanguoshav2\moc_standard-equips.obj
e:\sanguoshav2\moc_standard-skillcards.obj
e:\sanguoshav2\moc_standard.obj
e:\sanguoshav2\moc_startscene.obj
e:\sanguoshav2\moc_tablepile.obj
e:\sanguoshav2\moc_thicket.obj
e:\sanguoshav2\moc_timedprogressbar.obj
e:\sanguoshav2\moc_udpsocket.obj
e:\sanguoshav2\moc_wind.obj
e:\sanguoshav2\moc_window.obj
e:\sanguoshav2\moc_wisdompackage.obj
e:\sanguoshav2\moc_wrappedcard.obj
e:\sanguoshav2\moc_yitianpackage.obj
e:\sanguoshav2\moc_yjcm.obj
e:\sanguoshav2\moc_yjcm2012.obj
e:\sanguoshav2\moc_yjcm2013.obj
e:\sanguoshav2\moc_yjcm2014.obj
e:\sanguoshav2\moc_yjcm2015.obj
e:\sanguoshav2\moc_yjcm2016.obj
e:\sanguoshav2\mountain.obj
e:\sanguoshav2\nostalgia.obj
e:\sanguoshav2\package.obj
e:\sanguoshav2\photo.obj
e:\sanguoshav2\pixmapanimation.obj
e:\sanguoshav2\player.obj
e:\sanguoshav2\playercarddialog.obj
e:\sanguoshav2\protocol.obj
e:\sanguoshav2\qsanbutton.obj
e:\sanguoshav2\qsanselectableitem.obj
e:\sanguoshav2\record-analysis.obj
e:\sanguoshav2\recorder.obj
e:\sanguoshav2\replayer.obj
e:\sanguoshav2\replayfile.obj
e:\sanguoshav2\roleassigndialog.obj
e:\sanguoshav2\rolecombobox.obj
e:\sanguoshav2\room.obj
e:\sanguoshav2\roomscene.obj
e:\sanguoshav2\roomstate.obj
e:\sanguoshav2\roomthread.obj
e:\sanguoshav2\roomthread1v1.obj
e:\sanguoshav2\roomthread3v3.obj
e:\sanguoshav2\roomthreadxmode.obj
e:\sanguoshav2\sanfreetypefont.obj
e:\sanguoshav2\sanguosha_wrap.obj
e:\sanguoshav2\sanscene.obj
e:\sanguoshav2\sanshadowtextfont.obj
e:\sanguoshav2\sansimpletextfont.obj
e:\sanguoshav2\sanuiutils.obj
e:\sanguoshav2\scenario-overview.obj
e:\sanguoshav2\scenario.obj
e:\sanguoshav2\server.obj
e:\sanguoshav2\serverplayer.obj
e:\sanguoshav2\serversocket.obj
e:\sanguoshav2\settings.obj
e:\sanguoshav2\skill.obj
e:\sanguoshav2\skinbank.obj
e:\sanguoshav2\skinitem.obj
e:\sanguoshav2\sp.obj
e:\sanguoshav2\special1v1.obj
e:\sanguoshav2\special3v3.obj
e:\sanguoshav2\sprite.obj
e:\sanguoshav2\standard-cards.obj
e:\sanguoshav2\standard-generals.obj
e:\sanguoshav2\standard-skillcards.obj
e:\sanguoshav2\standard.obj
e:\sanguoshav2\startscene.obj
e:\sanguoshav2\structs.obj
e:\sanguoshav2\tablepile.obj
e:\sanguoshav2\thicket.obj
e:\sanguoshav2\timedprogressbar.obj
e:\sanguoshav2\udpsocket.obj
e:\sanguoshav2\util.obj
e:\sanguoshav2\wind.obj
e:\sanguoshav2\window.obj
e:\sanguoshav2\wisdompackage.obj
e:\sanguoshav2\wrappedcard.obj
e:\sanguoshav2\yitianpackage.obj
e:\sanguoshav2\yjcm.obj
e:\sanguoshav2\yjcm2012.obj
e:\sanguoshav2\yjcm2013.obj
e:\sanguoshav2\yjcm2014.obj
e:\sanguoshav2\yjcm2015.obj
e:\sanguoshav2\yjcm2016.obj
e:\sanguoshav2\cl.command.1.tlog
e:\sanguoshav2\cl.read.1.tlog
e:\sanguoshav2\cl.write.1.tlog
e:\sanguoshav2\custombuild.command.1.tlog
e:\sanguoshav2\custombuild.read.1.tlog
e:\sanguoshav2\custombuild.write.1.tlog
e:\sanguoshav2\link-cvtres.read.1.tlog
e:\sanguoshav2\link-cvtres.write.1.tlog
e:\sanguoshav2\link.command.1.tlog
e:\sanguoshav2\link.read.1.tlog
e:\sanguoshav2\link.read.2.tlog
e:\sanguoshav2\link.write.1.tlog
e:\sanguoshav2\link.write.2.tlog
e:\sanguoshav2\mt.command.1.tlog
e:\sanguoshav2\mt.read.1.tlog
e:\sanguoshav2\mt.write.1.tlog
e:\sanguoshav2\qsanguosha.write.1.tlog
e:\sanguoshav2\rc.command.1.tlog
e:\sanguoshav2\rc.read.1.tlog
e:\sanguoshav2\rc.write.1.tlog
e:\sanguoshav2\qsanguosha.exe.intermediate.manifest
e:\sanguoshav2\icon.res
e:\sanguoshav2\vc100.pdb
